Log file open, 11/26/18 00:09:51
LogWindows: Failed to load 'aqProf.dll' (GetLastError=126)
LogWindows: File 'aqProf.dll' does not exist
LogWindows: Failed to load 'VtuneApi.dll' (GetLastError=126)
LogWindows: File 'VtuneApi.dll' does not exist
LogWindows: Failed to load 'VtuneApi32e.dll' (GetLastError=126)
LogWindows: File 'VtuneApi32e.dll' does not exist
LogInit: Display: Running engine for game: Project4
LogPlatformFile: Not using cached read wrapper
LogTaskGraph: Started task graph with 5 named threads and 23 total threads with 3 sets of task threads.
LogStats: Stats thread started at 0.331403
LogD3D11RHI: Loaded GFSDK_Aftermath_Lib.x64.dll
LogICUInternationalization: Display: ICU TimeZone Detection - Raw Offset: -5:00, Platform Override: ''
LogPluginManager: Mounting plugin Paper2D
LogPluginManager: Mounting plugin AISupport
LogPluginManager: Mounting plugin LightPropagationVolume
LogPluginManager: Mounting plugin CLionSourceCodeAccess
LogPluginManager: Mounting plugin CodeLiteSourceCodeAccess
LogPluginManager: Mounting plugin GitSourceControl
LogPluginManager: Mounting plugin KDevelopSourceCodeAccess
LogPluginManager: Mounting plugin NullSourceCodeAccess
LogPluginManager: Mounting plugin PerforceSourceControl
LogPluginManager: Mounting plugin SubversionSourceControl
LogPluginManager: Mounting plugin UObjectPlugin
LogPluginManager: Mounting plugin VisualStudioCodeSourceCodeAccess
LogPluginManager: Mounting plugin VisualStudioSourceCodeAccess
LogPluginManager: Mounting plugin XCodeSourceCodeAccess
LogPluginManager: Mounting plugin AssetManagerEditor
LogPluginManager: Mounting plugin CryptoKeys
LogPluginManager: Mounting plugin DataValidation
LogPluginManager: Mounting plugin FacialAnimation
LogPluginManager: Mounting plugin GameplayTagsEditor
LogPluginManager: Mounting plugin MacGraphicsSwitching
LogPluginManager: Mounting plugin MeshEditor
LogPluginManager: Mounting plugin MobileLauncherProfileWizard
LogPluginManager: Mounting plugin PluginBrowser
LogPluginManager: Mounting plugin SpeedTreeImporter
LogPluginManager: Mounting plugin DatasmithContent
LogPluginManager: Mounting plugin AlembicImporter
LogPluginManager: Mounting plugin AppleImageUtils
LogPluginManager: Mounting plugin AppleVision
LogPluginManager: Mounting plugin BackChannel
LogPluginManager: Mounting plugin CharacterAI
LogPluginManager: Mounting plugin GeometryCache
LogPluginManager: Mounting plugin HTML5Networking
LogPluginManager: Mounting plugin ProxyLODPlugin
LogPluginManager: Mounting plugin MagicLeap
LogPluginManager: Mounting plugin MagicLeapEmulator
LogPluginManager: Mounting plugin MagicLeapMedia
LogPluginManager: Mounting plugin AndroidMedia
LogPluginManager: Mounting plugin AvfMedia
LogPluginManager: Mounting plugin ImgMedia
LogPluginManager: Mounting plugin LinearTimecode
LogPluginManager: Mounting plugin MediaCompositing
LogPluginManager: Mounting plugin MediaPlayerEditor
LogPluginManager: Mounting plugin WmfMedia
LogPluginManager: Mounting plugin TcpMessaging
LogPluginManager: Mounting plugin UdpMessaging
LogPluginManager: Mounting plugin ActorSequence
LogPluginManager: Mounting plugin LevelSequenceEditor
LogPluginManager: Mounting plugin MatineeToLevelSequence
LogPluginManager: Mounting plugin NetcodeUnitTest
LogPluginManager: Mounting plugin NUTUnrealEngine4
LogPluginManager: Mounting plugin OnlineSubsystemGooglePlay
LogPluginManager: Mounting plugin OnlineSubsystemIOS
LogPluginManager: Mounting plugin OnlineSubsystem
LogPluginManager: Mounting plugin OnlineSubsystemNull
LogPluginManager: Mounting plugin OnlineSubsystemUtils
LogPluginManager: Mounting plugin LauncherChunkInstaller
LogPluginManager: Mounting plugin AndroidDeviceProfileSelector
LogPluginManager: Mounting plugin AndroidMoviePlayer
LogPluginManager: Mounting plugin AndroidPermission
LogPluginManager: Mounting plugin AppleMoviePlayer
LogPluginManager: Mounting plugin ArchVisCharacter
LogPluginManager: Mounting plugin AudioCapture
LogPluginManager: Mounting plugin CableComponent
LogPluginManager: Mounting plugin CustomMeshComponent
LogPluginManager: Mounting plugin EditableMesh
LogPluginManager: Mounting plugin ExampleDeviceProfileSelector
LogPluginManager: Mounting plugin GoogleCloudMessaging
LogPluginManager: Mounting plugin ImmediatePhysics
LogPluginManager: Mounting plugin IOSDeviceProfileSelector
LogPluginManager: Mounting plugin LinuxDeviceProfileSelector
LogPluginManager: Mounting plugin LocationServicesBPLibrary
LogPluginManager: Mounting plugin MobilePatchingUtils
LogPluginManager: Mounting plugin OculusVR
LogPluginManager: Plugin shader directory ../../../Engine/Plugins/Runtime/Oculus/OculusVR/Shaders found
LogPluginManager: Mapping shader source directory ../../../Engine/Plugins/Runtime/Oculus/OculusVR/Shaders to virtual directory /Plugin/OculusVR
LogPluginManager: Mounting plugin PhysXVehicles
LogPluginManager: Mounting plugin ProceduralMeshComponent
LogPluginManager: Mounting plugin RuntimePhysXCooking
LogPluginManager: Mounting plugin SteamVR
LogPluginManager: Mounting plugin WindowsMoviePlayer
LogStreaming: Display: Took  0.363s to configure plugins.
LogInit: Using libcurl 7.55.1-DEV
LogInit:  - built for x86_64-pc-win32
LogInit:  - supports SSL with OpenSSL/1.0.2h
LogInit:  - supports HTTP deflate (compression) using libz 1.2.8
LogInit:  - other features:
LogInit:      CURL_VERSION_SSL
LogInit:      CURL_VERSION_LIBZ
LogInit:      CURL_VERSION_IPV6
LogInit:      CURL_VERSION_ASYNCHDNS
LogInit:      CURL_VERSION_LARGEFILE
LogInit:      CURL_VERSION_IDN
LogInit:  CurlRequestOptions (configurable via config and command line):
LogInit:  - bVerifyPeer = false  - Libcurl will NOT verify peer certificate
LogInit:  - bUseHttpProxy = false  - Libcurl will NOT use HTTP proxy
LogInit:  - bDontReuseConnections = false  - Libcurl will reuse connections
LogInit:  - CertBundlePath = nullptr  - Libcurl will use whatever was configured at build time.
LogInit:  - MaxHostConnections = 16  - Libcurl will limit the number of connections to a host
LogInit:  - LocalHostAddr = Default
LogInit:  - BufferSize = 65536
LogInit: WinSock: version 1.1 (2.2), MaxSocks=32767, MaxUdp=65467
LogInit: Build: ++UE4+Release-4.20-CL-4369336
LogInit: Engine Version: 4.20.3-4369336+++UE4+Release-4.20
LogInit: Compatible Engine Version: 4.20.0-4212847+++UE4+Release-4.20
LogInit: Net CL: 4212847
LogInit: OS: Windows 10 (), CPU: Intel(R) Core(TM) i7-6700HQ CPU @ 2.60GHz, GPU: Intel(R) HD Graphics 530
LogInit: Compiled (64-bit): Sep 17 2018 12:26:19
LogInit: Compiled with Visual C++: 19.13.26129.00
LogInit: Build Configuration: Development
LogInit: Branch Name: ++UE4+Release-4.20
LogInit: Command Line: 
LogInit: Base Directory: C:/Unreal/UE_4.20/Engine/Binaries/Win64/
LogInit: Installed Engine Build: 1
LogDevObjectVersion: Number of dev versions registered: 20
LogDevObjectVersion:   Dev-Blueprints (B0D832E4-1F89-4F0D-ACCF-7EB736FD4AA2): 10
LogDevObjectVersion:   Dev-Build (E1C64328-A22C-4D53-A36C-8E866417BD8C): 0
LogDevObjectVersion:   Dev-Core (375EC13C-06E4-48FB-B500-84F0262A717E): 2
LogDevObjectVersion:   Dev-Editor (E4B068ED-F494-42E9-A231-DA0B2E46BB41): 24
LogDevObjectVersion:   Dev-Framework (CFFC743F-43B0-4480-9391-14DF171D2073): 34
LogDevObjectVersion:   Dev-Mobile (B02B49B5-BB20-44E9-A304-32B752E40360): 2
LogDevObjectVersion:   Dev-Networking (A4E4105C-59A1-49B5-A7C5-40C4547EDFEE): 0
LogDevObjectVersion:   Dev-Online (39C831C9-5AE6-47DC-9A44-9C173E1C8E7C): 0
LogDevObjectVersion:   Dev-Physics (78F01B33-EBEA-4F98-B9B4-84EACCB95AA2): 0
LogDevObjectVersion:   Dev-Platform (6631380F-2D4D-43E0-8009-CF276956A95A): 0
LogDevObjectVersion:   Dev-Rendering (12F88B9F-8875-4AFC-A67C-D90C383ABD29): 26
LogDevObjectVersion:   Dev-Sequencer (7B5AE74C-D270-4C10-A958-57980B212A5A): 9
LogDevObjectVersion:   Dev-VR (D7296918-1DD6-4BDD-9DE2-64A83CC13884): 2
LogDevObjectVersion:   Dev-LoadTimes (C2A15278-BFE7-4AFE-6C17-90FF531DF755): 1
LogDevObjectVersion:   Private-Geometry (6EACA3D4-40EC-4CC1-B786-8BED09428FC5): 3
LogDevObjectVersion:   Dev-AnimPhys (29E575DD-E0A3-4627-9D10-D276232CDCEA): 17
LogDevObjectVersion:   Dev-ReflectionCapture (6B266CEC-1EC7-4B8F-A30B-E4D90942FC07): 1
LogDevObjectVersion:   Dev-Automation (0DF73D61-A23F-47EA-B727-89E90C41499A): 1
LogDevObjectVersion:   FortniteMain (601D1886-AC64-4F84-AA16-D3DE0DEAC7D6): 12
LogDevObjectVersion:   Dev-Enterprise (9DFFBCD6-494F-0158-E221-12823C92A888): 1
LogStreaming: Display: Took  0.005s to delete old logs.
LogInit: Presizing for max 8388607 objects, including 0 objects not considered by GC, pre-allocating 0 bytes for permanent pool.
LogInit: Object subsystem initialized
[2018.11.26-05.09.52:593][  0]LogInit: Selected Device Profile: [Windows]
[2018.11.26-05.09.52:593][  0]LogInit: Applying CVar settings loaded from the selected device profile: [Windows]
[2018.11.26-05.09.52:614][  0]LogHAL: Display: Platform has ~ 16 GB [16755396608 / 17179869184 / 16], which maps to Larger [LargestMinGB=32, LargerMinGB=12, DefaultMinGB=8, SmallerMinGB=6, SmallestMinGB=0)
[2018.11.26-05.09.52:614][  0]LogInit: Setting Device Profile CVar: [[r.Vulkan.UseRealUBs:1]]
[2018.11.26-05.09.52:615][  0]LogInit: Going up to parent DeviceProfile []
[2018.11.26-05.09.52:615][  0]LogInit: Computer: DESKTOP-JCFREAF
[2018.11.26-05.09.52:615][  0]LogInit: User: wangq19
[2018.11.26-05.09.52:615][  0]LogInit: CPU Page size=4096, Cores=4
[2018.11.26-05.09.52:615][  0]LogInit: High frequency timer resolution =2.531251 MHz
[2018.11.26-05.09.52:615][  0]LogMemory: Memory total: Physical=15.6GB (16GB approx)
[2018.11.26-05.09.52:615][  0]LogMemory: Platform Memory Stats for Windows
[2018.11.26-05.09.52:615][  0]LogMemory: Process Physical Memory: 100.37 MB used, 100.37 MB peak
[2018.11.26-05.09.52:615][  0]LogMemory: Process Virtual Memory: 91.10 MB used, 91.10 MB peak
[2018.11.26-05.09.52:616][  0]LogMemory: Physical Memory: 6133.91 MB used,  9845.28 MB free, 15979.19 MB total
[2018.11.26-05.09.52:616][  0]LogMemory: Virtual Memory: 4640.44 MB used,  9845.28 MB free, 134217728.00 MB total
[2018.11.26-05.09.52:660][  0]LogInit: Using OS detected language (en-US).
[2018.11.26-05.09.52:660][  0]LogInit: Using OS detected locale (en-US).
[2018.11.26-05.09.52:662][  0]LogTextLocalizationManager: No specific localization for 'en-US' exists, so the 'en' localization will be used.
[2018.11.26-05.09.53:182][  0]LogStreaming: Display: Took  0.523s to InitEngineTextLocalization.
[2018.11.26-05.09.53:183][  0]LogInit: Setting process to per monitor DPI aware
[2018.11.26-05.09.53:292][  0]LogSlate: New Slate User Created.  User Index 0, Is Virtual User: 0
[2018.11.26-05.09.53:292][  0]LogSlate: Slate User Registered.  User Index 0, Is Virtual User: 0
[2018.11.26-05.09.53:824][  0]LogHMD: Failed to initialize OpenVR with code 110
[2018.11.26-05.09.53:824][  0]LogD3D11RHI: D3D11 adapters:
[2018.11.26-05.09.53:900][  0]LogD3D11RHI:    0. 'NVIDIA GeForce GTX 960M' (Feature Level 11_0)
[2018.11.26-05.09.53:900][  0]LogD3D11RHI:       2010/0/7989 MB DedicatedVideo/DedicatedSystem/SharedSystem, Outputs:2, VendorId:0x10de
[2018.11.26-05.09.53:910][  0]LogD3D11RHI:    1. 'Intel(R) HD Graphics 530' (Feature Level 11_0)
[2018.11.26-05.09.53:910][  0]LogD3D11RHI:       128/0/7989 MB DedicatedVideo/DedicatedSystem/SharedSystem, Outputs:0, VendorId:0x8086
[2018.11.26-05.09.53:914][  0]LogD3D11RHI:    2. 'Microsoft Basic Render Driver' (Feature Level 11_0)
[2018.11.26-05.09.53:914][  0]LogD3D11RHI:       0/0/7989 MB DedicatedVideo/DedicatedSystem/SharedSystem, Outputs:0, VendorId:0x1414
[2018.11.26-05.09.53:914][  0]LogD3D11RHI: Chosen D3D11 Adapter: 0
[2018.11.26-05.09.53:962][  0]LogD3D11RHI: Creating new Direct3DDevice
[2018.11.26-05.09.53:962][  0]LogD3D11RHI:     GPU DeviceId: 0x139b (for the marketing name, search the web for "GPU Device Id")
[2018.11.26-05.09.53:962][  0]LogWindows: EnumDisplayDevices:
[2018.11.26-05.09.53:962][  0]LogWindows:    0. 'Intel(R) HD Graphics 530' (P:1 D:1)
[2018.11.26-05.09.53:963][  0]LogWindows:    1. 'Intel(R) HD Graphics 530' (P:0 D:1)
[2018.11.26-05.09.53:963][  0]LogWindows:    2. 'Intel(R) HD Graphics 530' (P:0 D:0)
[2018.11.26-05.09.53:963][  0]LogWindows: DebugString: PrimaryIsNotTheChoosenAdapter PrimaryIsNotTheChoosenAdapter PrimaryIsNotTheChoosenAdapter FoundDriverCount:0 
[2018.11.26-05.09.53:963][  0]LogD3D11RHI:     Adapter Name: NVIDIA GeForce GTX 960M
[2018.11.26-05.09.53:963][  0]LogD3D11RHI:   Driver Version: Unknown (internal:Unknown, unified:Unknown)
[2018.11.26-05.09.53:963][  0]LogD3D11RHI:      Driver Date: Unknown
[2018.11.26-05.09.53:964][  0]LogRHI: Texture pool is 1407 MB (70% of 2010 MB)
[2018.11.26-05.09.54:016][  0]LogD3D11RHI: Async texture creation enabled
[2018.11.26-05.09.54:035][  0]LogD3D11RHI: GPU Timing Frequency: 1000.000000 (Debug: 2 2)
[2018.11.26-05.09.54:037][  0]LogShaderCompilers: Guid format shader working directory is -18 characters bigger than the processId version (../../../../../Users/wangq19/Desktop/Game Development/GameDev1UE4/Intermediate/Shaders/WorkingDirectory/50336/).
[2018.11.26-05.09.54:038][  0]LogShaderCompilers: Cleaned the shader compiler working directory 'C:/Users/wangq19/AppData/Local/Temp/UnrealShaderWorkingDir/0AE2B0A245800448C0D0FB96244B7654/'.
[2018.11.26-05.09.54:448][  0]LogTemp: Display: Loaded TP AllDesktopTargetPlatform
[2018.11.26-05.09.54:466][  0]LogTemp: Display: Loaded TP MacClientTargetPlatform
[2018.11.26-05.09.54:483][  0]LogTemp: Display: Loaded TP MacNoEditorTargetPlatform
[2018.11.26-05.09.54:502][  0]LogTemp: Display: Loaded TP MacServerTargetPlatform
[2018.11.26-05.09.54:521][  0]LogTemp: Display: Loaded TP MacTargetPlatform
[2018.11.26-05.09.54:539][  0]LogTemp: Display: Loaded TP WindowsClientTargetPlatform
[2018.11.26-05.09.54:560][  0]LogTemp: Display: Loaded TP WindowsNoEditorTargetPlatform
[2018.11.26-05.09.54:578][  0]LogTemp: Display: Loaded TP WindowsServerTargetPlatform
[2018.11.26-05.09.54:587][  0]LogTemp: Display: Loaded TP WindowsTargetPlatform
[2018.11.26-05.09.54:696][  0]LogTemp: Display: Loaded TP AndroidTargetPlatform
[2018.11.26-05.09.54:696][  0]LogTemp: Display: Loaded TP AndroidTargetPlatform
[2018.11.26-05.09.54:696][  0]LogTemp: Display: Loaded TP AndroidTargetPlatform
[2018.11.26-05.09.54:696][  0]LogTemp: Display: Loaded TP AndroidTargetPlatform
[2018.11.26-05.09.54:696][  0]LogTemp: Display: Loaded TP AndroidTargetPlatform
[2018.11.26-05.09.54:696][  0]LogTemp: Display: Loaded TP AndroidTargetPlatform
[2018.11.26-05.09.54:696][  0]LogTemp: Display: Loaded TP AndroidTargetPlatform
[2018.11.26-05.09.54:696][  0]LogTemp: Display: Loaded TP AndroidTargetPlatform
[2018.11.26-05.09.54:696][  0]LogTemp: Display: Loaded TP AndroidTargetPlatform
[2018.11.26-05.09.54:696][  0]LogTemp: Display: Loaded TP AndroidTargetPlatform
[2018.11.26-05.09.54:696][  0]LogTemp: Display: Loaded TP AndroidTargetPlatform
[2018.11.26-05.09.54:696][  0]LogTemp: Display: Loaded TP AndroidTargetPlatform
[2018.11.26-05.09.54:696][  0]LogTemp: Display: Loaded TP AndroidTargetPlatform
[2018.11.26-05.09.54:696][  0]LogTemp: Display: Loaded TP AndroidTargetPlatform
[2018.11.26-05.09.54:696][  0]LogTemp: Display: Loaded TP AndroidTargetPlatform
[2018.11.26-05.09.54:696][  0]LogTemp: Display: Loaded TP AndroidTargetPlatform
[2018.11.26-05.09.54:696][  0]LogTemp: Display: Loaded TP AndroidTargetPlatform
[2018.11.26-05.09.54:696][  0]LogTemp: Display: Loaded TP AndroidTargetPlatform
[2018.11.26-05.09.54:700][  0]LogTemp: Display: Loaded TP HTML5TargetPlatform
[2018.11.26-05.09.54:772][  0]LogTemp: Display: Loaded TP IOSTargetPlatform
[2018.11.26-05.09.54:772][  0]LogTemp: Display: Loaded TP IOSTargetPlatform
[2018.11.26-05.09.54:806][  0]LogTemp: Display: Loaded TP TVOSTargetPlatform
[2018.11.26-05.09.54:806][  0]LogTemp: Display: Loaded TP TVOSTargetPlatform
[2018.11.26-05.09.54:824][  0]LogTemp: Display: Loaded TP LinuxClientTargetPlatform
[2018.11.26-05.09.54:843][  0]LogTemp: Display: Loaded TP LinuxNoEditorTargetPlatform
[2018.11.26-05.09.54:860][  0]LogTemp: Display: Loaded TP LinuxServerTargetPlatform
[2018.11.26-05.09.54:879][  0]LogTemp: Display: Loaded TP LinuxTargetPlatform
[2018.11.26-05.09.54:892][  0]LogTemp: Display: Loaded TP LuminTargetPlatform
[2018.11.26-05.09.54:893][  0]LogTargetPlatformManager: Display: Building Assets For Windows
[2018.11.26-05.09.55:008][  0]LogXGEController: Cannot use XGE Controller as Incredibuild is not installed on this machine.
[2018.11.26-05.09.55:008][  0]LogShaderCompilers: Cannot use XGE Shader Compiler as Incredibuild is not installed on this machine.
[2018.11.26-05.09.55:008][  0]LogShaderCompilers: Display: Using Local Shader Compiler.
[2018.11.26-05.09.56:245][  0]LogDerivedDataCache: Display: Max Cache Size: 512 MB
[2018.11.26-05.09.56:321][  0]LogDerivedDataCache: Loaded boot cache 0.07s 71MB C:/Users/wangq19/AppData/Local/UnrealEngine/4.20/DerivedDataCache/Boot.ddc.
[2018.11.26-05.09.56:322][  0]LogDerivedDataCache: Display: Loaded Boot cache: C:/Users/wangq19/AppData/Local/UnrealEngine/4.20/DerivedDataCache/Boot.ddc
[2018.11.26-05.09.56:322][  0]LogDerivedDataCache: FDerivedDataBackendGraph:  Pak pak cache file ../../../../../Users/wangq19/Desktop/Game Development/GameDev1UE4/DerivedDataCache/DDC.ddp not found, will not use a pak cache.
[2018.11.26-05.09.56:322][  0]LogDerivedDataCache: Unable to find inner node Pak for hierarchical cache Hierarchy.
[2018.11.26-05.09.56:322][  0]LogDerivedDataCache: FDerivedDataBackendGraph:  CompressedPak pak cache file ../../../../../Users/wangq19/Desktop/Game Development/GameDev1UE4/DerivedDataCache/Compressed.ddp not found, will not use a pak cache.
[2018.11.26-05.09.56:322][  0]LogDerivedDataCache: Unable to find inner node CompressedPak for hierarchical cache Hierarchy.
[2018.11.26-05.09.56:338][  0]LogDerivedDataCache: Display: Pak cache opened for reading ../../../Engine/DerivedDataCache/Compressed.ddp.
[2018.11.26-05.09.56:352][  0]LogDerivedDataCache: Using Local data cache path C:/Users/wangq19/AppData/Local/UnrealEngine/Common/DerivedDataCache: Writable
[2018.11.26-05.09.56:352][  0]LogDerivedDataCache: Shared data cache path not found in *engine.ini, will not use an Shared cache.
[2018.11.26-05.09.56:352][  0]LogDerivedDataCache: Unable to find inner node Shared for hierarchical cache Hierarchy.
[2018.11.26-05.09.56:374][  0]LogMaterial: Verifying Global Shaders for PCD3D_SM5
[2018.11.26-05.09.56:376][  0]LogSlate: Using FreeType 2.6.0
[2018.11.26-05.09.56:377][  0]LogSlate: SlateFontServices - WITH_FREETYPE: 1, WITH_HARFBUZZ: 1
[2018.11.26-05.09.56:486][  0]LogAssetRegistry: FAssetRegistry took 0.0274 seconds to start up
[2018.11.26-05.09.56:972][  0]LogInit: Selected Device Profile: [Windows]
[2018.11.26-05.09.57:162][  0]LogSimplygon: Simplygon DLL not present - disabling.
[2018.11.26-05.09.57:169][  0]LogMeshReduction: Using SimplygonSwarm for distributed automatic mesh merging
[2018.11.26-05.09.57:169][  0]LogMeshReduction: Using ProxyLODMeshReduction for automatic mesh merging
[2018.11.26-05.09.57:169][  0]LogMeshReduction: Using QuadricMeshReduction for automatic static mesh reduction
[2018.11.26-05.09.57:169][  0]LogMeshReduction: No automatic skeletal mesh reduction module available
[2018.11.26-05.09.57:200][  0]LogNetVersion: Project4 1.0.0, NetCL: 4212847, EngineNetVer: 5, GameNetVer: 0 (Checksum: 1992437466)
[2018.11.26-05.09.58:018][  0]LogPackageLocalizationCache: Processed 11 localized package path(s) for 2 prioritized culture(s) in 0.195400 seconds
[2018.11.26-05.09.58:026][  0]LogUObjectArray: 38425 objects as part of root set at end of initial load.
[2018.11.26-05.09.58:026][  0]LogUObjectAllocator: 6690872 out of 0 bytes used by permanent object pool.
[2018.11.26-05.09.58:026][  0]LogUObjectArray: CloseDisregardForGC: 0/0 objects in disregard for GC pool
[2018.11.26-05.09.59:412][  0]LogTcpMessaging: Initializing TcpMessaging bridge
[2018.11.26-05.09.59:427][  0]LogUdpMessaging: Initializing bridge on interface 0.0.0.0:0 to multicast group 230.0.0.1:6666.
[2018.11.26-05.09.59:620][  0]SourceControl: Source control is disabled
[2018.11.26-05.09.59:620][  0]SourceControl: Source control is disabled
[2018.11.26-05.09.59:624][  0]SourceControl: Source control is disabled
[2018.11.26-05.09.59:626][  0]SourceControl: Source control is disabled
[2018.11.26-05.09.59:872][  0]LogAndroidPermission: UAndroidPermissionCallbackProxy::GetInstance
[2018.11.26-05.10.00:137][  0]LogOcInput: OculusInput pre-init called
[2018.11.26-05.10.00:219][  0]LogEngine: Initializing Engine...
[2018.11.26-05.10.00:220][  0]LogHMD: Failed to initialize OpenVR with code 110
[2018.11.26-05.10.00:222][  0]LogStats: UGameplayTagsManager::ConstructGameplayTagTree: ImportINI prefixes -  0.000 s
[2018.11.26-05.10.00:222][  0]LogStats: UGameplayTagsManager::ConstructGameplayTagTree: Construct from data asset -  0.000 s
[2018.11.26-05.10.00:222][  0]LogStats: UGameplayTagsManager::ConstructGameplayTagTree: ImportINI -  0.000 s
[2018.11.26-05.10.00:222][  0]LogStats: UGameplayTagsManager::ConstructGameplayTagTree: GameplayTagTreeChangedEvent.Broadcast -  0.000 s
[2018.11.26-05.10.00:503][  0]LogInit: Initializing FReadOnlyCVARCache
[2018.11.26-05.10.00:521][  0]LogAIModule: Creating AISystem for world Untitled
[2018.11.26-05.10.00:572][  0]LogInit: XAudio2 using 'Speakers / Headphones (Realtek Audio)' : 2 channels at 48 kHz using 32 bits per sample (channel mask 0x3)
[2018.11.26-05.10.00:945][  0]LogInit: FAudioDevice initialized.
[2018.11.26-05.10.00:945][  0]LogNetVersion: Set ProjectVersion to 1.0.0.0. Version Checksum will be recalculated on next use.
[2018.11.26-05.10.01:015][  0]LogDerivedDataCache: Saved boot cache 0.07s 71MB C:/Users/wangq19/AppData/Local/UnrealEngine/4.20/DerivedDataCache/Boot.ddc.
[2018.11.26-05.10.01:030][  0]LogInit: Texture streaming: Enabled
[2018.11.26-05.10.01:054][  0]LogEngineSessionManager: EngineSessionManager initialized
[2018.11.26-05.10.01:074][  0]LogInit: Transaction tracking system initialized
[2018.11.26-05.10.01:109][  0]BlueprintLog: New page: Editor Load
[2018.11.26-05.10.01:224][  0]LocalizationService: Localization service is disabled
[2018.11.26-05.10.01:629][  0]LogCook: Display: Max memory allowance for cook 16384mb min free memory 0mb
[2018.11.26-05.10.01:629][  0]LogCook: Display: Mobile HDR setting 1
[2018.11.26-05.10.01:629][  0]LogGameplayTags: Display: UGameplayTagsManager::DoneAddingNativeTags. DelegateIsBound: 0
[2018.11.26-05.10.01:629][  0]LogStats: UGameplayTagsManager::ConstructGameplayTagTree: ImportINI prefixes -  0.000 s
[2018.11.26-05.10.01:629][  0]LogStats: UGameplayTagsManager::ConstructGameplayTagTree: Construct from data asset -  0.000 s
[2018.11.26-05.10.01:630][  0]LogStats: UGameplayTagsManager::ConstructGameplayTagTree: ImportINI -  0.000 s
[2018.11.26-05.10.01:630][  0]LogStats: UGameplayTagsManager::ConstructGameplayTagTree: GameplayTagTreeChangedEvent.Broadcast -  0.000 s
[2018.11.26-05.10.01:814][  0]LogFileCache: Scanning file cache for directory 'C:/Users/wangq19/Desktop/Game Development/GameDev1UE4/Content/' took 0.02s
[2018.11.26-05.10.01:814][  0]SourceControl: Source control is disabled
[2018.11.26-05.10.01:814][  0]Cmd: MAP LOAD FILE="../../../../../Users/wangq19/Desktop/Game Development/GameDev1UE4/Content/StarterContent/Maps/Minimal_Default.umap" TEMPLATE=0 SHOWPROGRESS=1 FEATURELEVEL=3
[2018.11.26-05.10.01:814][  0]LightingResults: New page: Lighting Build
[2018.11.26-05.10.01:818][  0]MapCheck: New page: Map Check
[2018.11.26-05.10.01:818][  0]LightingResults: New page: Lighting Build
[2018.11.26-05.10.02:314][  0]LogAIModule: Creating AISystem for world Minimal_Default
[2018.11.26-05.10.02:326][  0]LogEditorServer: Finished looking for orphan Actors (0.000 secs)
[2018.11.26-05.10.02:353][  0]Cmd: MAP CHECKDEP NOCLEARLOG
[2018.11.26-05.10.02:637][  0]MapCheck: Map check complete: 0 Error(s), 0 Warning(s), took 284.179ms to complete.
[2018.11.26-05.10.02:637][  0]LogFileHelpers: Loading map 'Minimal_Default' took 0.823
[2018.11.26-05.10.02:775][  0]LogSlate: Updating window title bar state: overlay mode, drag disabled, window buttons hidden, title bar hidden
[2018.11.26-05.10.02:784][  0]LogSlate: Updating window title bar state: overlay mode, drag disabled, window buttons hidden, title bar hidden
[2018.11.26-05.10.02:794][  0]LogSlate: Updating window title bar state: overlay mode, drag disabled, window buttons hidden, title bar hidden
[2018.11.26-05.10.02:802][  0]LogSlate: Updating window title bar state: overlay mode, drag disabled, window buttons hidden, title bar hidden
[2018.11.26-05.10.02:811][  0]LogCollectionManager: Loaded 0 collections in 0.002314 seconds
[2018.11.26-05.10.02:861][  0]LogFileCache: Scanning file cache for directory 'C:/Users/wangq19/Desktop/Game Development/GameDev1UE4/Saved/Collections/' took 0.01s
[2018.11.26-05.10.02:861][  0]LogFileCache: Scanning file cache for directory 'C:/Users/wangq19/Desktop/Game Development/GameDev1UE4/Content/Developers/wangq19/Collections/' took 0.01s
[2018.11.26-05.10.02:861][  0]LogFileCache: Scanning file cache for directory 'C:/Users/wangq19/Desktop/Game Development/GameDev1UE4/Content/Collections/' took 0.01s
[2018.11.26-05.10.02:861][  0]LogCollectionManager: Rebuilt the GUID cache for 0 collections in 0.000001 seconds
[2018.11.26-05.10.02:871][  0]LogContentBrowser: Native class hierarchy populated in 0.0097 seconds. Added 2572 classes and 603 folders.
[2018.11.26-05.10.02:880][  0]LogContentBrowser: Native class hierarchy updated for 'WidgetCarousel' in 0.0003 seconds. Added 0 classes and 0 folders.
[2018.11.26-05.10.02:985][  0]LogContentBrowser: Native class hierarchy updated for 'AddContentDialog' in 0.0004 seconds. Added 0 classes and 0 folders.
[2018.11.26-05.10.02:991][  0]LogContentBrowser: Native class hierarchy updated for 'SceneOutliner' in 0.0003 seconds. Added 1 classes and 2 folders.
[2018.11.26-05.10.03:068][  0]LogSlate: Took 0.000371 seconds to synchronously load lazily loaded font '../../../Engine/Content/Slate/Fonts/Roboto-Regular.ttf' (155K)
[2018.11.26-05.10.03:072][  0]LogSlate: Took 0.000342 seconds to synchronously load lazily loaded font '../../../Engine/Content/Slate/Fonts/Roboto-Bold.ttf' (160K)
[2018.11.26-05.10.03:080][  0]LogSlate: Took 0.000470 seconds to synchronously load lazily loaded font '../../../Engine/Content/Editor/Slate/Fonts/FontAwesome.ttf' (139K)
[2018.11.26-05.10.03:182][  0]LogRenderer: Reallocating scene render targets to support 808x436 Format 10 NumSamples 1 (Frame:1).
[2018.11.26-05.10.03:379][  0]LogContentBrowser: Native class hierarchy updated for 'HierarchicalLODOutliner' in 0.0008 seconds. Added 0 classes and 0 folders.
[2018.11.26-05.10.03:379][  0]LogLoad: (Engine Initialization) Total time: 14.05 seconds
[2018.11.26-05.10.03:379][  0]LogLoad: (Engine Initialization) Total Blueprint compile time: 0.00 seconds
[2018.11.26-05.10.03:432][  0]LogContentStreaming: Texture pool size now 1000 MB
[2018.11.26-05.10.03:465][  1]LogAssetRegistry: Asset discovery search completed in 7.0015 seconds
[2018.11.26-05.10.03:467][  1]LogCollectionManager: Rebuilt the object cache for 0 collections in 0.000000 seconds (found 0 objects)
[2018.11.26-05.10.03:467][  1]LogCollectionManager: Fixed up redirectors for 0 collections in 0.000050 seconds (updated 0 objects)
[2018.11.26-05.10.04:798][  5]LogSlate: Took 0.000341 seconds to synchronously load lazily loaded font '../../../Engine/Content/Slate/Fonts/Roboto-Light.ttf' (167K)
[2018.11.26-05.10.07:489][ 13]LogSlate: Took 0.000271 seconds to synchronously load lazily loaded font '../../../Engine/Content/Slate/Fonts/Roboto-Light.ttf' (167K)
[2018.11.26-05.10.21:740][367]LogSlate: FSceneViewport::OnFocusLost() reason 0
[2018.11.26-05.10.35:051][574]LogSlate: FSceneViewport::OnFocusLost() reason 0
[2018.11.26-05.10.42:158][989]LogSlate: FSceneViewport::OnFocusLost() reason 0
[2018.11.26-05.10.43:397][ 57]LogAIModule: Creating AISystem for world PlayState
[2018.11.26-05.10.43:403][ 57]LogAssetEditorManager: Opening Asset editor for World /Game/Maps/PlayState.PlayState
[2018.11.26-05.10.43:427][ 57]Cmd: MAP LOAD FILE="../../../../../Users/wangq19/Desktop/Game Development/GameDev1UE4/Content/Maps/PlayState.umap" TEMPLATE=0 SHOWPROGRESS=1 FEATURELEVEL=3
[2018.11.26-05.10.43:427][ 57]LightingResults: New page: Lighting Build
[2018.11.26-05.10.43:428][ 57]LoadErrors: New page: Loading map: PlayState.umap
[2018.11.26-05.10.43:430][ 57]MapCheck: New page: Map Check
[2018.11.26-05.10.43:430][ 57]LightingResults: New page: Lighting Build
[2018.11.26-05.10.43:518][ 57]LogEditorServer: Finished looking for orphan Actors (0.000 secs)
[2018.11.26-05.10.43:580][ 57]Cmd: MAP CHECKDEP NOCLEARLOG
[2018.11.26-05.10.43:871][ 57]MapCheck: Map check complete: 0 Error(s), 0 Warning(s), took 291.092ms to complete.
[2018.11.26-05.10.43:873][ 57]LogFileHelpers: Loading map 'PlayState' took 0.446
[2018.11.26-05.10.47:719][282]LogSlate: FSceneViewport::OnFocusLost() reason 0
[2018.11.26-05.10.55:094][713]LogSlate: FSceneViewport::OnFocusLost() reason 0
[2018.11.26-05.10.55:160][717]MapCheck: New page: Map Check
[2018.11.26-05.10.55:192][717]Cmd: MAP REBUILD ALLVISIBLE
[2018.11.26-05.10.55:192][717]LogEditorServer: Rebuildmap Clear paths rebuilt
[2018.11.26-05.10.55:310][717]LogMaterial: Display: Missing cached shader map for material FDebugViewModeMaterialProxy DefaultMaterial, compiling. 
[2018.11.26-05.10.55:319][717]LogShaderCompilers: Display: Shaders left to compile 1
[2018.11.26-05.10.55:319][717]LogMaterial: Display: Missing cached shader map for material FDebugViewModeMaterialProxy MaterialInstanceDynamic_0, compiling. 
[2018.11.26-05.10.55:330][717]LogMaterial: Display: Missing cached shader map for material FDebugViewModeMaterialProxy BasicShapeMaterial, compiling. 
[2018.11.26-05.10.55:342][717]LogShaderCompilers: Display: Shaders left to compile 2
[2018.11.26-05.10.55:342][717]LogShaderCompilers: Display: Shaders left to compile 1
[2018.11.26-05.10.55:342][717]LogMaterial: Display: Missing cached shader map for material FDebugViewModeMaterialProxy WorldGridMaterial, compiling. Is special engine material.
[2018.11.26-05.10.56:129][717]LogShaderCompilers: Display: Shaders left to compile 1
[2018.11.26-05.10.56:129][717]TextureStreamingBuild: Display: Compiling optional shaders took 0.825 seconds.
[2018.11.26-05.10.56:140][717]LogLevel: Display: Export Material TexCoord Scales took 0.011 seconds.
[2018.11.26-05.10.56:147][717]TextureStreamingBuild: Display: Build Texture Streaming took 0.007 seconds.
[2018.11.26-05.10.56:171][717]LightingResults: New page: Lighting Build - Nov 25, 2018, 7:10:56 PM
[2018.11.26-05.10.56:234][717]LogSwarmInterface: [OpenConnection] Registering TCP channel ...
[2018.11.26-05.10.56:459][717]LogSwarmInterface: [OpenConnection] Connecting to agent ...
[2018.11.26-05.10.56:477][717]LogSwarmInterface: [TryOpenConnection] Testing the Agent
[2018.11.26-05.10.56:988][717]LogSwarmInterface: [TryOpenConnection] Opening Connection to Agent
[2018.11.26-05.10.56:989][717]LogSwarmInterface: [TryOpenConnection] Local Process ID is 50336
[2018.11.26-05.10.59:987][717]LogStaticLightingSystem: Warning: No importance volume found, so the scene bounding box was used.  You can optimize your scene's quality and lighting build times by adding importance volumes.
[2018.11.26-05.10.59:987][717]LogStaticLightingSystem: Running Lightmass w/ ImmediateImport mode ENABLED
[2018.11.26-05.10.59:987][717]LogStaticLightingSystem: Running Lightmass w/ ImmediateProcess mode ENABLED
[2018.11.26-05.10.59:987][717]LogStaticLightingSystem: Running Lightmass w/ Sorting mode ENABLED
[2018.11.26-05.10.59:987][717]LogStaticLightingSystem: Running Lightmass w/ Mapping paddings ENABLED
[2018.11.26-05.10.59:987][717]LogStaticLightingSystem: Running Lightmass w/ Mapping debug paddings DISABLED
[2018.11.26-05.11.00:194][717]Cmd: MAP CHECK DONTDISPLAYDIALOG
[2018.11.26-05.11.00:194][717]MapCheck: New page: PlayState - Nov 25, 2018, 7:11:00 PM
[2018.11.26-05.11.00:210][717]MapCheck: Error: WorldSettings_1 Maps need lighting rebuilt 
[2018.11.26-05.11.00:513][717]MapCheck: Map check complete: 1 Error(s), 0 Warning(s), took 319.102ms to complete.
[2018.11.26-05.11.00:536][717]LogEditorBuildUtils: Build time 0:05
[2018.11.26-05.11.00:653][717]LogMaterial: Display: Missing cached shader map for material FLightmassMaterialRenderer DefaultMaterial, compiling. 
[2018.11.26-05.11.00:666][717]LogShaderCompilers: Display: Shaders left to compile 2
[2018.11.26-05.11.00:666][717]LogMaterial: Display: Missing cached shader map for material FLightmassMaterialRenderer DefaultMaterial, compiling. 
[2018.11.26-05.11.00:712][717]LogShaderCompilers: Display: Shaders left to compile 2
[2018.11.26-05.11.00:808][719]LogMaterial: Display: Missing cached shader map for material FLightmassMaterialRenderer BasicShapeMaterial, compiling. 
[2018.11.26-05.11.00:818][719]LogShaderCompilers: Display: Shaders left to compile 2
[2018.11.26-05.11.00:818][719]LogMaterial: Display: Missing cached shader map for material FLightmassMaterialRenderer BasicShapeMaterial, compiling. 
[2018.11.26-05.11.00:831][720]LogShaderCompilers: Display: Shaders left to compile 2
[2018.11.26-05.11.03:524][809]Job is a success!
[2018.11.26-05.11.03:635][810]LogVolumetricLightmapImport: Imported Volumetric Lightmap in 0.027s
[2018.11.26-05.11.03:635][810]LogVolumetricLightmapImport:      Indirection Texture 16x16x16 = 0.0Mb
[2018.11.26-05.11.03:635][810]LogVolumetricLightmapImport:      BrickData 40x5x5 = 0.0Mb
[2018.11.26-05.11.03:635][810]LogVolumetricLightmapImport:      Bricks at Level
[2018.11.26-05.11.03:635][810]LogVolumetricLightmapImport:          0: 12.5% covering 100.0% of volume
[2018.11.26-05.11.03:635][810]LogVolumetricLightmapImport:          1: 12.5% covering 1.6% of volume
[2018.11.26-05.11.03:635][810]LogVolumetricLightmapImport:          2: 75.0% covering 0.1% of volume
[2018.11.26-05.11.03:695][810]LogTexture: Display: Building textures: HQ_Lightmap0_1 (AutoDXT, 256X256)
[2018.11.26-05.11.03:696][810]LogTexture: Display: Building textures: LQ_Lightmap_0_1 (DXT1, 256X256)
[2018.11.26-05.11.03:696][810]LogTexture: Display: Building textures: HQ_Lightmap0_2 (AutoDXT, 64X64)
[2018.11.26-05.11.03:696][810]LogTexture: Display: Building textures: LQ_Lightmap_0_2 (DXT1, 64X64)
[2018.11.26-05.11.03:696][810]LogTexture: Display: Building textures: ShadowMapTexture2D_1 (G8, 32X32)
[2018.11.26-05.11.03:696][810]LogTexture: Display: Building textures: ShadowMapTexture2D_0 (G8, 256X128)
[2018.11.26-05.11.03:732][810]Lightmass on DESKTOP-JCFREAF: 1.30 sec total, 231 ms importing, 28 ms setup, 397 ms photons, 628 ms processing, 0 ms extra exporting [3/3 mappings]. Threads: 4.21 sec total, 253 ms processing.
[2018.11.26-05.11.03:781][810]LogStaticLightingSystem: Illumination: 7.57 sec (29 ms encoding lightmaps, 13 ms encoding shadowmaps)
[2018.11.26-05.11.03:781][810]LogStaticLightingSystem: Lightmap texture memory:  0.1 MB (0.1 MB streaming, 0.0 MB non-streaming), 4 textures
[2018.11.26-05.11.03:781][810]LogStaticLightingSystem: Shadowmap texture memory: 0.0 MB (0.0 MB streaming, 0.0 MB non-streaming), 2 textures
[2018.11.26-05.11.03:993][810]DumpUnbuiltLightIteractions
[2018.11.26-05.11.03:993][810]Lights with unbuilt interactions: 0
[2018.11.26-05.11.03:993][810]
[2018.11.26-05.11.03:993][810]Primitives with unbuilt interactions: 0
[2018.11.26-05.11.04:121][811]Cmd: MAP CHECK NOTIFYRESULTS
[2018.11.26-05.11.04:121][811]MapCheck: New page: PlayState - Nov 25, 2018, 7:11:04 PM
[2018.11.26-05.11.04:434][811]MapCheck: Map check complete: 0 Error(s), 0 Warning(s), took 313.642ms to complete.
[2018.11.26-05.11.05:486][874]LogSlate: Window 'Message Log' being destroyed
[2018.11.26-05.11.05:495][874]LogSlate: Window 'Message Log' being destroyed
[2018.11.26-05.11.06:040][907]LogTemp: Repeating last play command: Selected Viewport
[2018.11.26-05.11.06:061][907]LogPlayLevel: PlayLevel: No blueprints needed recompiling
[2018.11.26-05.11.06:075][907]PIE: New page: PIE session: PlayState (Nov 25, 2018, 7:11:06 PM)
[2018.11.26-05.11.06:075][907]LogPlayLevel: Creating play world package: /Game/Maps/UEDPIE_0_PlayState
[2018.11.26-05.11.06:077][907]LogPlayLevel: PIE: StaticDuplicateObject took: (0.002271s)
[2018.11.26-05.11.06:078][907]LogAIModule: Creating AISystem for world PlayState
[2018.11.26-05.11.06:079][907]LogPlayLevel: PIE: World Init took: (0.001167s)
[2018.11.26-05.11.06:079][907]LogPlayLevel: PIE: Created PIE world by copying editor world from /Game/Maps/PlayState.PlayState to /Game/Maps/UEDPIE_0_PlayState.PlayState (0.003620s)
[2018.11.26-05.11.06:128][907]LogInit: XAudio2 using 'Speakers / Headphones (Realtek Audio)' : 2 channels at 48 kHz using 32 bits per sample (channel mask 0x3)
[2018.11.26-05.11.06:164][907]LogInit: FAudioDevice initialized.
[2018.11.26-05.11.06:213][907]LogLoad: Game class is 'FirstPersonGameMode_C'
[2018.11.26-05.11.06:216][907]LogWorld: Bringing World /Game/Maps/UEDPIE_0_PlayState.PlayState up for play (max tick rate 60) at 2018.11.26-00.11.06
[2018.11.26-05.11.06:217][907]LogWorld: Bringing up level for play took: 0.001567
[2018.11.26-05.11.06:237][907]LogContentBrowser: Native class hierarchy updated for 'MovieSceneCapture' in 0.0008 seconds. Added 10 classes and 0 folders.
[2018.11.26-05.11.06:238][907]LogGameMode: Display: Match State Changed from EnteringMap to WaitingToStart
[2018.11.26-05.11.06:238][907]LogGameState: Match State Changed from EnteringMap to WaitingToStart
[2018.11.26-05.11.06:238][907]LogGameMode: Display: Match State Changed from WaitingToStart to InProgress
[2018.11.26-05.11.06:239][907]LogGameState: Match State Changed from WaitingToStart to InProgress
[2018.11.26-05.11.06:239][907]PIE: Play in editor start time for /Game/Maps/UEDPIE_0_PlayState -0.104
[2018.11.26-05.11.08:036][  7]LogBlueprintUserMessages: [Hero_C_0] 0.8
[2018.11.26-05.11.10:037][127]LogBlueprintUserMessages: [Hero_C_0] 1.0
[2018.11.26-05.11.12:037][247]LogBlueprintUserMessages: [Hero_C_0] 0.8
[2018.11.26-05.11.14:037][367]LogBlueprintUserMessages: [Hero_C_0] 0.6
[2018.11.26-05.11.14:604][401]LogSlate: Updating window title bar state: overlay mode, drag disabled, window buttons hidden, title bar hidden
[2018.11.26-05.11.14:643][401]LogPlayLevel: Display: Shutting down PIE online subsystems
[2018.11.26-05.11.14:667][401]LogSlate: Updating window title bar state: overlay mode, drag disabled, window buttons hidden, title bar hidden
[2018.11.26-05.11.14:714][404]LogPlayLevel: Display: Destroying online subsystem :Context_2
[2018.11.26-05.11.15:348][442]LogSlate: FSceneViewport::OnFocusLost() reason 0
[2018.11.26-05.11.15:415][446]LogTemp: Repeating last play command: Selected Viewport
[2018.11.26-05.11.15:437][446]LogPlayLevel: PlayLevel: No blueprints needed recompiling
[2018.11.26-05.11.15:437][446]PIE: New page: PIE session: PlayState (Nov 25, 2018, 7:11:15 PM)
[2018.11.26-05.11.15:437][446]LogPlayLevel: Creating play world package: /Game/Maps/UEDPIE_0_PlayState
[2018.11.26-05.11.15:439][446]LogPlayLevel: PIE: StaticDuplicateObject took: (0.002167s)
[2018.11.26-05.11.15:440][446]LogAIModule: Creating AISystem for world PlayState
[2018.11.26-05.11.15:440][446]LogPlayLevel: PIE: World Init took: (0.001105s)
[2018.11.26-05.11.15:440][446]LogPlayLevel: PIE: Created PIE world by copying editor world from /Game/Maps/PlayState.PlayState to /Game/Maps/UEDPIE_0_PlayState.PlayState (0.003464s)
[2018.11.26-05.11.15:488][446]LogInit: XAudio2 using 'Speakers / Headphones (Realtek Audio)' : 2 channels at 48 kHz using 32 bits per sample (channel mask 0x3)
[2018.11.26-05.11.15:526][446]LogInit: FAudioDevice initialized.
[2018.11.26-05.11.15:559][446]LogLoad: Game class is 'FirstPersonGameMode_C'
[2018.11.26-05.11.15:561][446]LogWorld: Bringing World /Game/Maps/UEDPIE_0_PlayState.PlayState up for play (max tick rate 60) at 2018.11.26-00.11.15
[2018.11.26-05.11.15:562][446]LogWorld: Bringing up level for play took: 0.000982
[2018.11.26-05.11.15:574][446]LogGameMode: Display: Match State Changed from EnteringMap to WaitingToStart
[2018.11.26-05.11.15:575][446]LogGameState: Match State Changed from EnteringMap to WaitingToStart
[2018.11.26-05.11.15:575][446]LogGameMode: Display: Match State Changed from WaitingToStart to InProgress
[2018.11.26-05.11.15:575][446]LogGameState: Match State Changed from WaitingToStart to InProgress
[2018.11.26-05.11.15:575][446]PIE: Play in editor start time for /Game/Maps/UEDPIE_0_PlayState -0.768
[2018.11.26-05.11.17:400][554]LogBlueprintUserMessages: [Hero_C_0] 0.8
[2018.11.26-05.11.19:401][674]LogBlueprintUserMessages: [Hero_C_0] 0.6
[2018.11.26-05.11.21:401][794]LogBlueprintUserMessages: [Hero_C_0] 0.8
[2018.11.26-05.11.23:401][914]LogBlueprintUserMessages: [Hero_C_0] 0.6
[2018.11.26-05.11.25:402][ 34]LogBlueprintUserMessages: [Hero_C_0] 0.4
[2018.11.26-05.11.29:403][274]LogBlueprintUserMessages: [Hero_C_0] 0.2
[2018.11.26-05.11.30:739][354]LogSlate: Updating window title bar state: overlay mode, drag disabled, window buttons hidden, title bar hidden
[2018.11.26-05.11.30:774][354]LogPlayLevel: Display: Shutting down PIE online subsystems
[2018.11.26-05.11.30:801][354]LogSlate: Updating window title bar state: overlay mode, drag disabled, window buttons hidden, title bar hidden
[2018.11.26-05.11.30:838][356]LogPlayLevel: Display: Destroying online subsystem :Context_3
[2018.11.26-05.12.07:065][546]LogEditorViewport: Clicking on Actor (LMB): BP_Sky_Sphere_C (Sky Sphere)
[2018.11.26-05.12.09:167][663]LogSlate: FSceneViewport::OnFocusLost() reason 0
[2018.11.26-05.12.14:129][953]LogTemp: Repeating last play command: Selected Viewport
[2018.11.26-05.12.14:152][953]LogPlayLevel: PlayLevel: No blueprints needed recompiling
[2018.11.26-05.12.14:153][953]PIE: New page: PIE session: PlayState (Nov 25, 2018, 7:12:14 PM)
[2018.11.26-05.12.14:153][953]LogPlayLevel: Creating play world package: /Game/Maps/UEDPIE_0_PlayState
[2018.11.26-05.12.14:155][953]LogPlayLevel: PIE: StaticDuplicateObject took: (0.002769s)
[2018.11.26-05.12.14:156][953]LogAIModule: Creating AISystem for world PlayState
[2018.11.26-05.12.14:157][953]LogPlayLevel: PIE: World Init took: (0.001310s)
[2018.11.26-05.12.14:157][953]LogPlayLevel: PIE: Created PIE world by copying editor world from /Game/Maps/PlayState.PlayState to /Game/Maps/UEDPIE_0_PlayState.PlayState (0.004266s)
[2018.11.26-05.12.14:205][953]LogInit: XAudio2 using 'Speakers / Headphones (Realtek Audio)' : 2 channels at 48 kHz using 32 bits per sample (channel mask 0x3)
[2018.11.26-05.12.14:244][953]LogInit: FAudioDevice initialized.
[2018.11.26-05.12.14:280][953]LogLoad: Game class is 'FirstPersonGameMode_C'
[2018.11.26-05.12.14:282][953]LogWorld: Bringing World /Game/Maps/UEDPIE_0_PlayState.PlayState up for play (max tick rate 60) at 2018.11.26-00.12.14
[2018.11.26-05.12.14:282][953]LogWorld: Bringing up level for play took: 0.000951
[2018.11.26-05.12.14:294][953]LogGameMode: Display: Match State Changed from EnteringMap to WaitingToStart
[2018.11.26-05.12.14:295][953]LogGameState: Match State Changed from EnteringMap to WaitingToStart
[2018.11.26-05.12.14:295][953]LogGameMode: Display: Match State Changed from WaitingToStart to InProgress
[2018.11.26-05.12.14:295][953]LogGameState: Match State Changed from WaitingToStart to InProgress
[2018.11.26-05.12.14:295][953]PIE: Play in editor start time for /Game/Maps/UEDPIE_0_PlayState -0.048
[2018.11.26-05.12.16:127][ 61]LogBlueprintUserMessages: [Hero_C_0] 0.8
[2018.11.26-05.12.18:127][181]LogBlueprintUserMessages: [Hero_C_0] 0.6
[2018.11.26-05.12.20:128][301]LogBlueprintUserMessages: [Hero_C_0] 0.4
[2018.11.26-05.12.24:128][541]LogBlueprintUserMessages: [Hero_C_0] 0.6
[2018.11.26-05.12.26:247][668]LogSlate: Updating window title bar state: overlay mode, drag disabled, window buttons hidden, title bar hidden
[2018.11.26-05.12.26:287][668]LogPlayLevel: Display: Shutting down PIE online subsystems
[2018.11.26-05.12.26:314][668]LogSlate: Updating window title bar state: overlay mode, drag disabled, window buttons hidden, title bar hidden
[2018.11.26-05.12.26:366][670]LogPlayLevel: Display: Destroying online subsystem :Context_4
